The system is: Linux - 4.12.7-11.current - x86_64
Compiling the C compiler identification source file "CMakeCCompilerId.c" succeeded.
Compiler: /usr/bin/cc 
Build flags: 
Id flags:  

The output was:
0


Compilation of the C compiler identification source "CMakeCCompilerId.c" produced "a.out"

The C compiler identification is GNU, found in "/home/shadow/Documents/cpp_indie_studio/CMakeFiles/3.11.4/CompilerIdC/a.out"

Compiling the CXX compiler identification source file "CMakeCXXCompilerId.cpp" succeeded.
Compiler: /usr/bin/c++ 
Build flags: 
Id flags:  

The output was:
0


Compilation of the CXX compiler identification source "CMakeCXXCompilerId.cpp" produced "a.out"

The CXX compiler identification is GNU, found in "/home/shadow/Documents/cpp_indie_studio/CMakeFiles/3.11.4/CompilerIdCXX/a.out"

Determining if the C compiler works passed with the following output:
Change Dir: /home/shadow/Documents/cpp_indie_studio/CMakeFiles/CMakeTmp

Run Build Command:"/usr/bin/gmake" "cmTC_2b9fc/fast"
/usr/bin/gmake -f CMakeFiles/cmTC_2b9fc.dir/build.make CMakeFiles/cmTC_2b9fc.dir/build
gmake[1] : on entre dans le répertoire « /home/shadow/Documents/cpp_indie_studio/CMakeFiles/CMakeTmp »
Building C object CMakeFiles/cmTC_2b9fc.dir/testCCompiler.c.o
/usr/bin/cc    -o CMakeFiles/cmTC_2b9fc.dir/testCCompiler.c.o   -c /home/shadow/Documents/cpp_indie_studio/CMakeFiles/CMakeTmp/testCCompiler.c
Linking C executable cmTC_2b9fc
/usr/bin/cmake -E cmake_link_script CMakeFiles/cmTC_2b9fc.dir/link.txt --verbose=1
/usr/bin/cc      CMakeFiles/cmTC_2b9fc.dir/testCCompiler.c.o  -o cmTC_2b9fc 
gmake[1] : on quitte le répertoire « /home/shadow/Documents/cpp_indie_studio/CMakeFiles/CMakeTmp »


Detecting C compiler ABI info compiled with the following output:
Change Dir: /home/shadow/Documents/cpp_indie_studio/CMakeFiles/CMakeTmp

Run Build Command:"/usr/bin/gmake" "cmTC_98095/fast"
/usr/bin/gmake -f CMakeFiles/cmTC_98095.dir/build.make CMakeFiles/cmTC_98095.dir/build
gmake[1] : on entre dans le répertoire « /home/shadow/Documents/cpp_indie_studio/CMakeFiles/CMakeTmp »
Building C object CMakeFiles/cmTC_98095.dir/CMakeCCompilerABI.c.o
/usr/bin/cc    -o CMakeFiles/cmTC_98095.dir/CMakeCCompilerABI.c.o   -c /usr/share/cmake-3.11/Modules/CMakeCCompilerABI.c
Linking C executable cmTC_98095
/usr/bin/cmake -E cmake_link_script CMakeFiles/cmTC_98095.dir/link.txt --verbose=1
/usr/bin/cc     -v CMakeFiles/cmTC_98095.dir/CMakeCCompilerABI.c.o  -o cmTC_98095 
Utilisation des specs internes.
COLLECT_GCC=/usr/bin/cc
COLLECT_LTO_WRAPPER=/usr/lib64/gcc/x86_64-solus-linux/7.3.0/lto-wrapper
Cible : x86_64-solus-linux
Configuré avec: ../configure --prefix=/usr --with-pkgversion=Solus --libdir=/usr/lib64 --libexecdir=/usr/lib64 --with-system-zlib --enable-shared --enable-threads=posix --enable-gnu-indirect-function --enable-__cxa_atexit --enable-plugin --enable-gold --enable-ld=default --enable-clocale=gnu --enable-multilib --with-multilib-list=m32,m64 --enable-lto --with-bugurl=https://dev.solus-project.com/ --with-arch_32=i686 --enable-linker-build-id --with-linker-hash-style=gnu --with-gnu-ld --build=x86_64-solus-linux --target=x86_64-solus-linux --enable-languages=c,c++,fortran
Modèle de thread: posix
gcc version 7.3.0 (Solus) 
COMPILER_PATH=/usr/lib64/gcc/x86_64-solus-linux/7.3.0/:/usr/lib64/gcc/x86_64-solus-linux/7.3.0/:/usr/lib64/gcc/x86_64-solus-linux/:/usr/lib64/gcc/x86_64-solus-linux/7.3.0/:/usr/lib64/gcc/x86_64-solus-linux/
LIBRARY_PATH=/usr/lib64/gcc/x86_64-solus-linux/7.3.0/:/usr/lib64/gcc/x86_64-solus-linux/7.3.0/../../../../lib64/:/lib/../lib64/:/usr/lib/../lib64/:/usr/lib64/gcc/x86_64-solus-linux/7.3.0/../../../:/lib/:/usr/lib/
COLLECT_GCC_OPTIONS='-v' '-o' 'cmTC_98095' '-mtune=generic' '-march=x86-64'
 /usr/lib64/gcc/x86_64-solus-linux/7.3.0/collect2 -plugin /usr/lib64/gcc/x86_64-solus-linux/7.3.0/liblto_plugin.so -plugin-opt=/usr/lib64/gcc/x86_64-solus-linux/7.3.0/lto-wrapper -plugin-opt=-fresolution=/tmp/cc0JtBOu.res -plugin-opt=-pass-through=-lgcc -plugin-opt=-pass-through=-lgcc_s -plugin-opt=-pass-through=-lc -plugin-opt=-pass-through=-lgcc -plugin-opt=-pass-through=-lgcc_s --build-id --eh-frame-hdr --hash-style=gnu -m elf_x86_64 -dynamic-linker /usr/lib64/ld-linux-x86-64.so.2 -o cmTC_98095 /usr/lib64/gcc/x86_64-solus-linux/7.3.0/../../../../lib64/crt1.o /usr/lib64/gcc/x86_64-solus-linux/7.3.0/../../../../lib64/crti.o /usr/lib64/gcc/x86_64-solus-linux/7.3.0/crtbegin.o -L/usr/lib64/gcc/x86_64-solus-linux/7.3.0 -L/usr/lib64/gcc/x86_64-solus-linux/7.3.0/../../../../lib64 -L/lib/../lib64 -L/usr/lib/../lib64 -L/usr/lib64/gcc/x86_64-solus-linux/7.3.0/../../.. CMakeFiles/cmTC_98095.dir/CMakeCCompilerABI.c.o -lgcc --as-needed -lgcc_s --no-as-needed -lc -lgcc --as-needed -lgcc_s --no-as-needed /usr/lib64/gcc/x86_64-solus-linux/7.3.0/crtend.o /usr/lib64/gcc/x86_64-solus-linux/7.3.0/../../../../lib64/crtn.o
COLLECT_GCC_OPTIONS='-v' '-o' 'cmTC_98095' '-mtune=generic' '-march=x86-64'
gmake[1] : on quitte le répertoire « /home/shadow/Documents/cpp_indie_studio/CMakeFiles/CMakeTmp »


Parsed C implicit link information from above output:
  link line regex: [^( *|.*[/\])(ld|CMAKE_LINK_STARTFILE-NOTFOUND|([^/\]+-)?ld|collect2)[^/\]*( |$)]
  ignore line: [Change Dir: /home/shadow/Documents/cpp_indie_studio/CMakeFiles/CMakeTmp]
  ignore line: []
  ignore line: [Run Build Command:"/usr/bin/gmake" "cmTC_98095/fast"]
  ignore line: [/usr/bin/gmake -f CMakeFiles/cmTC_98095.dir/build.make CMakeFiles/cmTC_98095.dir/build]
  ignore line: [gmake[1] : on entre dans le répertoire « /home/shadow/Documents/cpp_indie_studio/CMakeFiles/CMakeTmp »]
  ignore line: [Building C object CMakeFiles/cmTC_98095.dir/CMakeCCompilerABI.c.o]
  ignore line: [/usr/bin/cc    -o CMakeFiles/cmTC_98095.dir/CMakeCCompilerABI.c.o   -c /usr/share/cmake-3.11/Modules/CMakeCCompilerABI.c]
  ignore line: [Linking C executable cmTC_98095]
  ignore line: [/usr/bin/cmake -E cmake_link_script CMakeFiles/cmTC_98095.dir/link.txt --verbose=1]
  ignore line: [/usr/bin/cc     -v CMakeFiles/cmTC_98095.dir/CMakeCCompilerABI.c.o  -o cmTC_98095 ]
  ignore line: [Utilisation des specs internes.]
  ignore line: [COLLECT_GCC=/usr/bin/cc]
  ignore line: [COLLECT_LTO_WRAPPER=/usr/lib64/gcc/x86_64-solus-linux/7.3.0/lto-wrapper]
  ignore line: [Cible : x86_64-solus-linux]
  ignore line: [Configuré avec: ../configure --prefix=/usr --with-pkgversion=Solus --libdir=/usr/lib64 --libexecdir=/usr/lib64 --with-system-zlib --enable-shared --enable-threads=posix --enable-gnu-indirect-function --enable-__cxa_atexit --enable-plugin --enable-gold --enable-ld=default --enable-clocale=gnu --enable-multilib --with-multilib-list=m32,m64 --enable-lto --with-bugurl=https://dev.solus-project.com/ --with-arch_32=i686 --enable-linker-build-id --with-linker-hash-style=gnu --with-gnu-ld --build=x86_64-solus-linux --target=x86_64-solus-linux --enable-languages=c,c++,fortran]
  ignore line: [Modèle de thread: posix]
  ignore line: [gcc version 7.3.0 (Solus) ]
  ignore line: [COMPILER_PATH=/usr/lib64/gcc/x86_64-solus-linux/7.3.0/:/usr/lib64/gcc/x86_64-solus-linux/7.3.0/:/usr/lib64/gcc/x86_64-solus-linux/:/usr/lib64/gcc/x86_64-solus-linux/7.3.0/:/usr/lib64/gcc/x86_64-solus-linux/]
  ignore line: [LIBRARY_PATH=/usr/lib64/gcc/x86_64-solus-linux/7.3.0/:/usr/lib64/gcc/x86_64-solus-linux/7.3.0/../../../../lib64/:/lib/../lib64/:/usr/lib/../lib64/:/usr/lib64/gcc/x86_64-solus-linux/7.3.0/../../../:/lib/:/usr/lib/]
  ignore line: [COLLECT_GCC_OPTIONS='-v' '-o' 'cmTC_98095' '-mtune=generic' '-march=x86-64']
  link line: [ /usr/lib64/gcc/x86_64-solus-linux/7.3.0/collect2 -plugin /usr/lib64/gcc/x86_64-solus-linux/7.3.0/liblto_plugin.so -plugin-opt=/usr/lib64/gcc/x86_64-solus-linux/7.3.0/lto-wrapper -plugin-opt=-fresolution=/tmp/cc0JtBOu.res -plugin-opt=-pass-through=-lgcc -plugin-opt=-pass-through=-lgcc_s -plugin-opt=-pass-through=-lc -plugin-opt=-pass-through=-lgcc -plugin-opt=-pass-through=-lgcc_s --build-id --eh-frame-hdr --hash-style=gnu -m elf_x86_64 -dynamic-linker /usr/lib64/ld-linux-x86-64.so.2 -o cmTC_98095 /usr/lib64/gcc/x86_64-solus-linux/7.3.0/../../../../lib64/crt1.o /usr/lib64/gcc/x86_64-solus-linux/7.3.0/../../../../lib64/crti.o /usr/lib64/gcc/x86_64-solus-linux/7.3.0/crtbegin.o -L/usr/lib64/gcc/x86_64-solus-linux/7.3.0 -L/usr/lib64/gcc/x86_64-solus-linux/7.3.0/../../../../lib64 -L/lib/../lib64 -L/usr/lib/../lib64 -L/usr/lib64/gcc/x86_64-solus-linux/7.3.0/../../.. CMakeFiles/cmTC_98095.dir/CMakeCCompilerABI.c.o -lgcc --as-needed -lgcc_s --no-as-needed -lc -lgcc --as-needed -lgcc_s --no-as-needed /usr/lib64/gcc/x86_64-solus-linux/7.3.0/crtend.o /usr/lib64/gcc/x86_64-solus-linux/7.3.0/../../../../lib64/crtn.o]
    arg [/usr/lib64/gcc/x86_64-solus-linux/7.3.0/collect2] ==> ignore
    arg [-plugin] ==> ignore
    arg [/usr/lib64/gcc/x86_64-solus-linux/7.3.0/liblto_plugin.so] ==> ignore
    arg [-plugin-opt=/usr/lib64/gcc/x86_64-solus-linux/7.3.0/lto-wrapper] ==> ignore
    arg [-plugin-opt=-fresolution=/tmp/cc0JtBOu.res] ==> ignore
    arg [-plugin-opt=-pass-through=-lgcc] ==> ignore
    arg [-plugin-opt=-pass-through=-lgcc_s] ==> ignore
    arg [-plugin-opt=-pass-through=-lc] ==> ignore
    arg [-plugin-opt=-pass-through=-lgcc] ==> ignore
    arg [-plugin-opt=-pass-through=-lgcc_s] ==> ignore
    arg [--build-id] ==> ignore
    arg [--eh-frame-hdr] ==> ignore
    arg [--hash-style=gnu] ==> ignore
    arg [-m] ==> ignore
    arg [elf_x86_64] ==> ignore
    arg [-dynamic-linker] ==> ignore
    arg [/usr/lib64/ld-linux-x86-64.so.2] ==> ignore
    arg [-o] ==> ignore
    arg [cmTC_98095] ==> ignore
    arg [/usr/lib64/gcc/x86_64-solus-linux/7.3.0/../../../../lib64/crt1.o] ==> ignore
    arg [/usr/lib64/gcc/x86_64-solus-linux/7.3.0/../../../../lib64/crti.o] ==> ignore
    arg [/usr/lib64/gcc/x86_64-solus-linux/7.3.0/crtbegin.o] ==> ignore
    arg [-L/usr/lib64/gcc/x86_64-solus-linux/7.3.0] ==> dir [/usr/lib64/gcc/x86_64-solus-linux/7.3.0]
    arg [-L/usr/lib64/gcc/x86_64-solus-linux/7.3.0/../../../../lib64] ==> dir [/usr/lib64/gcc/x86_64-solus-linux/7.3.0/../../../../lib64]
    arg [-L/lib/../lib64] ==> dir [/lib/../lib64]
    arg [-L/usr/lib/../lib64] ==> dir [/usr/lib/../lib64]
    arg [-L/usr/lib64/gcc/x86_64-solus-linux/7.3.0/../../..] ==> dir [/usr/lib64/gcc/x86_64-solus-linux/7.3.0/../../..]
    arg [CMakeFiles/cmTC_98095.dir/CMakeCCompilerABI.c.o] ==> ignore
    arg [-lgcc] ==> lib [gcc]
    arg [--as-needed] ==> ignore
    arg [-lgcc_s] ==> lib [gcc_s]
    arg [--no-as-needed] ==> ignore
    arg [-lc] ==> lib [c]
    arg [-lgcc] ==> lib [gcc]
    arg [--as-needed] ==> ignore
    arg [-lgcc_s] ==> lib [gcc_s]
    arg [--no-as-needed] ==> ignore
    arg [/usr/lib64/gcc/x86_64-solus-linux/7.3.0/crtend.o] ==> ignore
    arg [/usr/lib64/gcc/x86_64-solus-linux/7.3.0/../../../../lib64/crtn.o] ==> ignore
  collapse library dir [/usr/lib64/gcc/x86_64-solus-linux/7.3.0] ==> [/usr/lib64/gcc/x86_64-solus-linux/7.3.0]
  collapse library dir [/usr/lib64/gcc/x86_64-solus-linux/7.3.0/../../../../lib64] ==> [/usr/lib64]
  collapse library dir [/lib/../lib64] ==> [/lib64]
  collapse library dir [/usr/lib/../lib64] ==> [/usr/lib64]
  collapse library dir [/usr/lib64/gcc/x86_64-solus-linux/7.3.0/../../..] ==> [/usr/lib64]
  implicit libs: [gcc;gcc_s;c;gcc;gcc_s]
  implicit dirs: [/usr/lib64/gcc/x86_64-solus-linux/7.3.0;/usr/lib64;/lib64]
  implicit fwks: []




Detecting C [-std=c11] compiler features compiled with the following output:
Change Dir: /home/shadow/Documents/cpp_indie_studio/CMakeFiles/CMakeTmp

Run Build Command:"/usr/bin/gmake" "cmTC_7ec1e/fast"
/usr/bin/gmake -f CMakeFiles/cmTC_7ec1e.dir/build.make CMakeFiles/cmTC_7ec1e.dir/build
gmake[1] : on entre dans le répertoire « /home/shadow/Documents/cpp_indie_studio/CMakeFiles/CMakeTmp »
Building C object CMakeFiles/cmTC_7ec1e.dir/feature_tests.c.o
/usr/bin/cc   -std=c11 -o CMakeFiles/cmTC_7ec1e.dir/feature_tests.c.o   -c /home/shadow/Documents/cpp_indie_studio/CMakeFiles/feature_tests.c
Linking C executable cmTC_7ec1e
/usr/bin/cmake -E cmake_link_script CMakeFiles/cmTC_7ec1e.dir/link.txt --verbose=1
/usr/bin/cc      CMakeFiles/cmTC_7ec1e.dir/feature_tests.c.o  -o cmTC_7ec1e 
gmake[1] : on quitte le répertoire « /home/shadow/Documents/cpp_indie_studio/CMakeFiles/CMakeTmp »


    Feature record: C_FEATURE:1c_function_prototypes
    Feature record: C_FEATURE:1c_restrict
    Feature record: C_FEATURE:1c_static_assert
    Feature record: C_FEATURE:1c_variadic_macros


Detecting C [-std=c99] compiler features compiled with the following output:
Change Dir: /home/shadow/Documents/cpp_indie_studio/CMakeFiles/CMakeTmp

Run Build Command:"/usr/bin/gmake" "cmTC_9a528/fast"
/usr/bin/gmake -f CMakeFiles/cmTC_9a528.dir/build.make CMakeFiles/cmTC_9a528.dir/build
gmake[1] : on entre dans le répertoire « /home/shadow/Documents/cpp_indie_studio/CMakeFiles/CMakeTmp »
Building C object CMakeFiles/cmTC_9a528.dir/feature_tests.c.o
/usr/bin/cc   -std=c99 -o CMakeFiles/cmTC_9a528.dir/feature_tests.c.o   -c /home/shadow/Documents/cpp_indie_studio/CMakeFiles/feature_tests.c
Linking C executable cmTC_9a528
/usr/bin/cmake -E cmake_link_script CMakeFiles/cmTC_9a528.dir/link.txt --verbose=1
/usr/bin/cc      CMakeFiles/cmTC_9a528.dir/feature_tests.c.o  -o cmTC_9a528 
gmake[1] : on quitte le répertoire « /home/shadow/Documents/cpp_indie_studio/CMakeFiles/CMakeTmp »


    Feature record: C_FEATURE:1c_function_prototypes
    Feature record: C_FEATURE:1c_restrict
    Feature record: C_FEATURE:0c_static_assert
    Feature record: C_FEATURE:1c_variadic_macros


Detecting C [-std=c90] compiler features compiled with the following output:
Change Dir: /home/shadow/Documents/cpp_indie_studio/CMakeFiles/CMakeTmp

Run Build Command:"/usr/bin/gmake" "cmTC_f4668/fast"
/usr/bin/gmake -f CMakeFiles/cmTC_f4668.dir/build.make CMakeFiles/cmTC_f4668.dir/build
gmake[1] : on entre dans le répertoire « /home/shadow/Documents/cpp_indie_studio/CMakeFiles/CMakeTmp »
Building C object CMakeFiles/cmTC_f4668.dir/feature_tests.c.o
/usr/bin/cc   -std=c90 -o CMakeFiles/cmTC_f4668.dir/feature_tests.c.o   -c /home/shadow/Documents/cpp_indie_studio/CMakeFiles/feature_tests.c
Linking C executable cmTC_f4668
/usr/bin/cmake -E cmake_link_script CMakeFiles/cmTC_f4668.dir/link.txt --verbose=1
/usr/bin/cc      CMakeFiles/cmTC_f4668.dir/feature_tests.c.o  -o cmTC_f4668 
gmake[1] : on quitte le répertoire « /home/shadow/Documents/cpp_indie_studio/CMakeFiles/CMakeTmp »


    Feature record: C_FEATURE:1c_function_prototypes
    Feature record: C_FEATURE:0c_restrict
    Feature record: C_FEATURE:0c_static_assert
    Feature record: C_FEATURE:0c_variadic_macros
Determining if the CXX compiler works passed with the following output:
Change Dir: /home/shadow/Documents/cpp_indie_studio/CMakeFiles/CMakeTmp

Run Build Command:"/usr/bin/gmake" "cmTC_2a34b/fast"
/usr/bin/gmake -f CMakeFiles/cmTC_2a34b.dir/build.make CMakeFiles/cmTC_2a34b.dir/build
gmake[1] : on entre dans le répertoire « /home/shadow/Documents/cpp_indie_studio/CMakeFiles/CMakeTmp »
Building CXX object CMakeFiles/cmTC_2a34b.dir/testCXXCompiler.cxx.o
/usr/bin/c++     -o CMakeFiles/cmTC_2a34b.dir/testCXXCompiler.cxx.o -c /home/shadow/Documents/cpp_indie_studio/CMakeFiles/CMakeTmp/testCXXCompiler.cxx
Linking CXX executable cmTC_2a34b
/usr/bin/cmake -E cmake_link_script CMakeFiles/cmTC_2a34b.dir/link.txt --verbose=1
/usr/bin/c++       CMakeFiles/cmTC_2a34b.dir/testCXXCompiler.cxx.o  -o cmTC_2a34b 
gmake[1] : on quitte le répertoire « /home/shadow/Documents/cpp_indie_studio/CMakeFiles/CMakeTmp »


Detecting CXX compiler ABI info compiled with the following output:
Change Dir: /home/shadow/Documents/cpp_indie_studio/CMakeFiles/CMakeTmp

Run Build Command:"/usr/bin/gmake" "cmTC_312aa/fast"
/usr/bin/gmake -f CMakeFiles/cmTC_312aa.dir/build.make CMakeFiles/cmTC_312aa.dir/build
gmake[1] : on entre dans le répertoire « /home/shadow/Documents/cpp_indie_studio/CMakeFiles/CMakeTmp »
Building CXX object CMakeFiles/cmTC_312aa.dir/CMakeCXXCompilerABI.cpp.o
/usr/bin/c++     -o CMakeFiles/cmTC_312aa.dir/CMakeCXXCompilerABI.cpp.o -c /usr/share/cmake-3.11/Modules/CMakeCXXCompilerABI.cpp
Linking CXX executable cmTC_312aa
/usr/bin/cmake -E cmake_link_script CMakeFiles/cmTC_312aa.dir/link.txt --verbose=1
/usr/bin/c++      -v CMakeFiles/cmTC_312aa.dir/CMakeCXXCompilerABI.cpp.o  -o cmTC_312aa 
Utilisation des specs internes.
COLLECT_GCC=/usr/bin/c++
COLLECT_LTO_WRAPPER=/usr/lib64/gcc/x86_64-solus-linux/7.3.0/lto-wrapper
Cible : x86_64-solus-linux
Configuré avec: ../configure --prefix=/usr --with-pkgversion=Solus --libdir=/usr/lib64 --libexecdir=/usr/lib64 --with-system-zlib --enable-shared --enable-threads=posix --enable-gnu-indirect-function --enable-__cxa_atexit --enable-plugin --enable-gold --enable-ld=default --enable-clocale=gnu --enable-multilib --with-multilib-list=m32,m64 --enable-lto --with-bugurl=https://dev.solus-project.com/ --with-arch_32=i686 --enable-linker-build-id --with-linker-hash-style=gnu --with-gnu-ld --build=x86_64-solus-linux --target=x86_64-solus-linux --enable-languages=c,c++,fortran
Modèle de thread: posix
gcc version 7.3.0 (Solus) 
COMPILER_PATH=/usr/lib64/gcc/x86_64-solus-linux/7.3.0/:/usr/lib64/gcc/x86_64-solus-linux/7.3.0/:/usr/lib64/gcc/x86_64-solus-linux/:/usr/lib64/gcc/x86_64-solus-linux/7.3.0/:/usr/lib64/gcc/x86_64-solus-linux/
LIBRARY_PATH=/usr/lib64/gcc/x86_64-solus-linux/7.3.0/:/usr/lib64/gcc/x86_64-solus-linux/7.3.0/../../../../lib64/:/lib/../lib64/:/usr/lib/../lib64/:/usr/lib64/gcc/x86_64-solus-linux/7.3.0/../../../:/lib/:/usr/lib/
COLLECT_GCC_OPTIONS='-v' '-o' 'cmTC_312aa' '-shared-libgcc' '-mtune=generic' '-march=x86-64'
 /usr/lib64/gcc/x86_64-solus-linux/7.3.0/collect2 -plugin /usr/lib64/gcc/x86_64-solus-linux/7.3.0/liblto_plugin.so -plugin-opt=/usr/lib64/gcc/x86_64-solus-linux/7.3.0/lto-wrapper -plugin-opt=-fresolution=/tmp/ccpgc1NX.res -plugin-opt=-pass-through=-lgcc_s -plugin-opt=-pass-through=-lgcc -plugin-opt=-pass-through=-lc -plugin-opt=-pass-through=-lgcc_s -plugin-opt=-pass-through=-lgcc --build-id --eh-frame-hdr --hash-style=gnu -m elf_x86_64 -dynamic-linker /usr/lib64/ld-linux-x86-64.so.2 -o cmTC_312aa /usr/lib64/gcc/x86_64-solus-linux/7.3.0/../../../../lib64/crt1.o /usr/lib64/gcc/x86_64-solus-linux/7.3.0/../../../../lib64/crti.o /usr/lib64/gcc/x86_64-solus-linux/7.3.0/crtbegin.o -L/usr/lib64/gcc/x86_64-solus-linux/7.3.0 -L/usr/lib64/gcc/x86_64-solus-linux/7.3.0/../../../../lib64 -L/lib/../lib64 -L/usr/lib/../lib64 -L/usr/lib64/gcc/x86_64-solus-linux/7.3.0/../../.. CMakeFiles/cmTC_312aa.dir/CMakeCXXCompilerABI.cpp.o -lstdc++ -lm -lgcc_s -lgcc -lc -lgcc_s -lgcc /usr/lib64/gcc/x86_64-solus-linux/7.3.0/crtend.o /usr/lib64/gcc/x86_64-solus-linux/7.3.0/../../../../lib64/crtn.o
COLLECT_GCC_OPTIONS='-v' '-o' 'cmTC_312aa' '-shared-libgcc' '-mtune=generic' '-march=x86-64'
gmake[1] : on quitte le répertoire « /home/shadow/Documents/cpp_indie_studio/CMakeFiles/CMakeTmp »


Parsed CXX implicit link information from above output:
  link line regex: [^( *|.*[/\])(ld|CMAKE_LINK_STARTFILE-NOTFOUND|([^/\]+-)?ld|collect2)[^/\]*( |$)]
  ignore line: [Change Dir: /home/shadow/Documents/cpp_indie_studio/CMakeFiles/CMakeTmp]
  ignore line: []
  ignore line: [Run Build Command:"/usr/bin/gmake" "cmTC_312aa/fast"]
  ignore line: [/usr/bin/gmake -f CMakeFiles/cmTC_312aa.dir/build.make CMakeFiles/cmTC_312aa.dir/build]
  ignore line: [gmake[1] : on entre dans le répertoire « /home/shadow/Documents/cpp_indie_studio/CMakeFiles/CMakeTmp »]
  ignore line: [Building CXX object CMakeFiles/cmTC_312aa.dir/CMakeCXXCompilerABI.cpp.o]
  ignore line: [/usr/bin/c++     -o CMakeFiles/cmTC_312aa.dir/CMakeCXXCompilerABI.cpp.o -c /usr/share/cmake-3.11/Modules/CMakeCXXCompilerABI.cpp]
  ignore line: [Linking CXX executable cmTC_312aa]
  ignore line: [/usr/bin/cmake -E cmake_link_script CMakeFiles/cmTC_312aa.dir/link.txt --verbose=1]
  ignore line: [/usr/bin/c++      -v CMakeFiles/cmTC_312aa.dir/CMakeCXXCompilerABI.cpp.o  -o cmTC_312aa ]
  ignore line: [Utilisation des specs internes.]
  ignore line: [COLLECT_GCC=/usr/bin/c++]
  ignore line: [COLLECT_LTO_WRAPPER=/usr/lib64/gcc/x86_64-solus-linux/7.3.0/lto-wrapper]
  ignore line: [Cible : x86_64-solus-linux]
  ignore line: [Configuré avec: ../configure --prefix=/usr --with-pkgversion=Solus --libdir=/usr/lib64 --libexecdir=/usr/lib64 --with-system-zlib --enable-shared --enable-threads=posix --enable-gnu-indirect-function --enable-__cxa_atexit --enable-plugin --enable-gold --enable-ld=default --enable-clocale=gnu --enable-multilib --with-multilib-list=m32,m64 --enable-lto --with-bugurl=https://dev.solus-project.com/ --with-arch_32=i686 --enable-linker-build-id --with-linker-hash-style=gnu --with-gnu-ld --build=x86_64-solus-linux --target=x86_64-solus-linux --enable-languages=c,c++,fortran]
  ignore line: [Modèle de thread: posix]
  ignore line: [gcc version 7.3.0 (Solus) ]
  ignore line: [COMPILER_PATH=/usr/lib64/gcc/x86_64-solus-linux/7.3.0/:/usr/lib64/gcc/x86_64-solus-linux/7.3.0/:/usr/lib64/gcc/x86_64-solus-linux/:/usr/lib64/gcc/x86_64-solus-linux/7.3.0/:/usr/lib64/gcc/x86_64-solus-linux/]
  ignore line: [LIBRARY_PATH=/usr/lib64/gcc/x86_64-solus-linux/7.3.0/:/usr/lib64/gcc/x86_64-solus-linux/7.3.0/../../../../lib64/:/lib/../lib64/:/usr/lib/../lib64/:/usr/lib64/gcc/x86_64-solus-linux/7.3.0/../../../:/lib/:/usr/lib/]
  ignore line: [COLLECT_GCC_OPTIONS='-v' '-o' 'cmTC_312aa' '-shared-libgcc' '-mtune=generic' '-march=x86-64']
  link line: [ /usr/lib64/gcc/x86_64-solus-linux/7.3.0/collect2 -plugin /usr/lib64/gcc/x86_64-solus-linux/7.3.0/liblto_plugin.so -plugin-opt=/usr/lib64/gcc/x86_64-solus-linux/7.3.0/lto-wrapper -plugin-opt=-fresolution=/tmp/ccpgc1NX.res -plugin-opt=-pass-through=-lgcc_s -plugin-opt=-pass-through=-lgcc -plugin-opt=-pass-through=-lc -plugin-opt=-pass-through=-lgcc_s -plugin-opt=-pass-through=-lgcc --build-id --eh-frame-hdr --hash-style=gnu -m elf_x86_64 -dynamic-linker /usr/lib64/ld-linux-x86-64.so.2 -o cmTC_312aa /usr/lib64/gcc/x86_64-solus-linux/7.3.0/../../../../lib64/crt1.o /usr/lib64/gcc/x86_64-solus-linux/7.3.0/../../../../lib64/crti.o /usr/lib64/gcc/x86_64-solus-linux/7.3.0/crtbegin.o -L/usr/lib64/gcc/x86_64-solus-linux/7.3.0 -L/usr/lib64/gcc/x86_64-solus-linux/7.3.0/../../../../lib64 -L/lib/../lib64 -L/usr/lib/../lib64 -L/usr/lib64/gcc/x86_64-solus-linux/7.3.0/../../.. CMakeFiles/cmTC_312aa.dir/CMakeCXXCompilerABI.cpp.o -lstdc++ -lm -lgcc_s -lgcc -lc -lgcc_s -lgcc /usr/lib64/gcc/x86_64-solus-linux/7.3.0/crtend.o /usr/lib64/gcc/x86_64-solus-linux/7.3.0/../../../../lib64/crtn.o]
    arg [/usr/lib64/gcc/x86_64-solus-linux/7.3.0/collect2] ==> ignore
    arg [-plugin] ==> ignore
    arg [/usr/lib64/gcc/x86_64-solus-linux/7.3.0/liblto_plugin.so] ==> ignore
    arg [-plugin-opt=/usr/lib64/gcc/x86_64-solus-linux/7.3.0/lto-wrapper] ==> ignore
    arg [-plugin-opt=-fresolution=/tmp/ccpgc1NX.res] ==> ignore
    arg [-plugin-opt=-pass-through=-lgcc_s] ==> ignore
    arg [-plugin-opt=-pass-through=-lgcc] ==> ignore
    arg [-plugin-opt=-pass-through=-lc] ==> ignore
    arg [-plugin-opt=-pass-through=-lgcc_s] ==> ignore
    arg [-plugin-opt=-pass-through=-lgcc] ==> ignore
    arg [--build-id] ==> ignore
    arg [--eh-frame-hdr] ==> ignore
    arg [--hash-style=gnu] ==> ignore
    arg [-m] ==> ignore
    arg [elf_x86_64] ==> ignore
    arg [-dynamic-linker] ==> ignore
    arg [/usr/lib64/ld-linux-x86-64.so.2] ==> ignore
    arg [-o] ==> ignore
    arg [cmTC_312aa] ==> ignore
    arg [/usr/lib64/gcc/x86_64-solus-linux/7.3.0/../../../../lib64/crt1.o] ==> ignore
    arg [/usr/lib64/gcc/x86_64-solus-linux/7.3.0/../../../../lib64/crti.o] ==> ignore
    arg [/usr/lib64/gcc/x86_64-solus-linux/7.3.0/crtbegin.o] ==> ignore
    arg [-L/usr/lib64/gcc/x86_64-solus-linux/7.3.0] ==> dir [/usr/lib64/gcc/x86_64-solus-linux/7.3.0]
    arg [-L/usr/lib64/gcc/x86_64-solus-linux/7.3.0/../../../../lib64] ==> dir [/usr/lib64/gcc/x86_64-solus-linux/7.3.0/../../../../lib64]
    arg [-L/lib/../lib64] ==> dir [/lib/../lib64]
    arg [-L/usr/lib/../lib64] ==> dir [/usr/lib/../lib64]
    arg [-L/usr/lib64/gcc/x86_64-solus-linux/7.3.0/../../..] ==> dir [/usr/lib64/gcc/x86_64-solus-linux/7.3.0/../../..]
    arg [CMakeFiles/cmTC_312aa.dir/CMakeCXXCompilerABI.cpp.o] ==> ignore
    arg [-lstdc++] ==> lib [stdc++]
    arg [-lm] ==> lib [m]
    arg [-lgcc_s] ==> lib [gcc_s]
    arg [-lgcc] ==> lib [gcc]
    arg [-lc] ==> lib [c]
    arg [-lgcc_s] ==> lib [gcc_s]
    arg [-lgcc] ==> lib [gcc]
    arg [/usr/lib64/gcc/x86_64-solus-linux/7.3.0/crtend.o] ==> ignore
    arg [/usr/lib64/gcc/x86_64-solus-linux/7.3.0/../../../../lib64/crtn.o] ==> ignore
  collapse library dir [/usr/lib64/gcc/x86_64-solus-linux/7.3.0] ==> [/usr/lib64/gcc/x86_64-solus-linux/7.3.0]
  collapse library dir [/usr/lib64/gcc/x86_64-solus-linux/7.3.0/../../../../lib64] ==> [/usr/lib64]
  collapse library dir [/lib/../lib64] ==> [/lib64]
  collapse library dir [/usr/lib/../lib64] ==> [/usr/lib64]
  collapse library dir [/usr/lib64/gcc/x86_64-solus-linux/7.3.0/../../..] ==> [/usr/lib64]
  implicit libs: [stdc++;m;gcc_s;gcc;c;gcc_s;gcc]
  implicit dirs: [/usr/lib64/gcc/x86_64-solus-linux/7.3.0;/usr/lib64;/lib64]
  implicit fwks: []




Detecting CXX [-std=c++1z] compiler features compiled with the following output:
Change Dir: /home/shadow/Documents/cpp_indie_studio/CMakeFiles/CMakeTmp

Run Build Command:"/usr/bin/gmake" "cmTC_1e1db/fast"
/usr/bin/gmake -f CMakeFiles/cmTC_1e1db.dir/build.make CMakeFiles/cmTC_1e1db.dir/build
gmake[1] : on entre dans le répertoire « /home/shadow/Documents/cpp_indie_studio/CMakeFiles/CMakeTmp »
Building CXX object CMakeFiles/cmTC_1e1db.dir/feature_tests.cxx.o
/usr/bin/c++    -std=c++1z -o CMakeFiles/cmTC_1e1db.dir/feature_tests.cxx.o -c /home/shadow/Documents/cpp_indie_studio/CMakeFiles/feature_tests.cxx
Linking CXX executable cmTC_1e1db
/usr/bin/cmake -E cmake_link_script CMakeFiles/cmTC_1e1db.dir/link.txt --verbose=1
/usr/bin/c++       CMakeFiles/cmTC_1e1db.dir/feature_tests.cxx.o  -o cmTC_1e1db 
gmake[1] : on quitte le répertoire « /home/shadow/Documents/cpp_indie_studio/CMakeFiles/CMakeTmp »


    Feature record: CXX_FEATURE:1cxx_aggregate_default_initializers
    Feature record: CXX_FEATURE:1cxx_alias_templates
    Feature record: CXX_FEATURE:1cxx_alignas
    Feature record: CXX_FEATURE:1cxx_alignof
    Feature record: CXX_FEATURE:1cxx_attributes
    Feature record: CXX_FEATURE:1cxx_attribute_deprecated
    Feature record: CXX_FEATURE:1cxx_auto_type
    Feature record: CXX_FEATURE:1cxx_binary_literals
    Feature record: CXX_FEATURE:1cxx_constexpr
    Feature record: CXX_FEATURE:1cxx_contextual_conversions
    Feature record: CXX_FEATURE:1cxx_decltype
    Feature record: CXX_FEATURE:1cxx_decltype_auto
    Feature record: CXX_FEATURE:1cxx_decltype_incomplete_return_types
    Feature record: CXX_FEATURE:1cxx_default_function_template_args
    Feature record: CXX_FEATURE:1cxx_defaulted_functions
    Feature record: CXX_FEATURE:1cxx_defaulted_move_initializers
    Feature record: CXX_FEATURE:1cxx_delegating_constructors
    Feature record: CXX_FEATURE:1cxx_deleted_functions
    Feature record: CXX_FEATURE:1cxx_digit_separators
    Feature record: CXX_FEATURE:1cxx_enum_forward_declarations
    Feature record: CXX_FEATURE:1cxx_explicit_conversions
    Feature record: CXX_FEATURE:1cxx_extended_friend_declarations
    Feature record: CXX_FEATURE:1cxx_extern_templates
    Feature record: CXX_FEATURE:1cxx_final
    Feature record: CXX_FEATURE:1cxx_func_identifier
    Feature record: CXX_FEATURE:1cxx_generalized_initializers
    Feature record: CXX_FEATURE:1cxx_generic_lambdas
    Feature record: CXX_FEATURE:1cxx_inheriting_constructors
    Feature record: CXX_FEATURE:1cxx_inline_namespaces
    Feature record: CXX_FEATURE:1cxx_lambdas
    Feature record: CXX_FEATURE:1cxx_lambda_init_captures
    Feature record: CXX_FEATURE:1cxx_local_type_template_args
    Feature record: CXX_FEATURE:1cxx_long_long_type
    Feature record: CXX_FEATURE:1cxx_noexcept
    Feature record: CXX_FEATURE:1cxx_nonstatic_member_init
    Feature record: CXX_FEATURE:1cxx_nullptr
    Feature record: CXX_FEATURE:1cxx_override
    Feature record: CXX_FEATURE:1cxx_range_for
    Feature record: CXX_FEATURE:1cxx_raw_string_literals
    Feature record: CXX_FEATURE:1cxx_reference_qualified_functions
    Feature record: CXX_FEATURE:1cxx_relaxed_constexpr
    Feature record: CXX_FEATURE:1cxx_return_type_deduction
    Feature record: CXX_FEATURE:1cxx_right_angle_brackets
    Feature record: CXX_FEATURE:1cxx_rvalue_references
    Feature record: CXX_FEATURE:1cxx_sizeof_member
    Feature record: CXX_FEATURE:1cxx_static_assert
    Feature record: CXX_FEATURE:1cxx_strong_enums
    Feature record: CXX_FEATURE:1cxx_template_template_parameters
    Feature record: CXX_FEATURE:1cxx_thread_local
    Feature record: CXX_FEATURE:1cxx_trailing_return_types
    Feature record: CXX_FEATURE:1cxx_unicode_literals
    Feature record: CXX_FEATURE:1cxx_uniform_initialization
    Feature record: CXX_FEATURE:1cxx_unrestricted_unions
    Feature record: CXX_FEATURE:1cxx_user_literals
    Feature record: CXX_FEATURE:1cxx_variable_templates
    Feature record: CXX_FEATURE:1cxx_variadic_macros
    Feature record: CXX_FEATURE:1cxx_variadic_templates


Detecting CXX [-std=c++14] compiler features compiled with the following output:
Change Dir: /home/shadow/Documents/cpp_indie_studio/CMakeFiles/CMakeTmp

Run Build Command:"/usr/bin/gmake" "cmTC_b63af/fast"
/usr/bin/gmake -f CMakeFiles/cmTC_b63af.dir/build.make CMakeFiles/cmTC_b63af.dir/build
gmake[1] : on entre dans le répertoire « /home/shadow/Documents/cpp_indie_studio/CMakeFiles/CMakeTmp »
Building CXX object CMakeFiles/cmTC_b63af.dir/feature_tests.cxx.o
/usr/bin/c++    -std=c++14 -o CMakeFiles/cmTC_b63af.dir/feature_tests.cxx.o -c /home/shadow/Documents/cpp_indie_studio/CMakeFiles/feature_tests.cxx
Linking CXX executable cmTC_b63af
/usr/bin/cmake -E cmake_link_script CMakeFiles/cmTC_b63af.dir/link.txt --verbose=1
/usr/bin/c++       CMakeFiles/cmTC_b63af.dir/feature_tests.cxx.o  -o cmTC_b63af 
gmake[1] : on quitte le répertoire « /home/shadow/Documents/cpp_indie_studio/CMakeFiles/CMakeTmp »


    Feature record: CXX_FEATURE:1cxx_aggregate_default_initializers
    Feature record: CXX_FEATURE:1cxx_alias_templates
    Feature record: CXX_FEATURE:1cxx_alignas
    Feature record: CXX_FEATURE:1cxx_alignof
    Feature record: CXX_FEATURE:1cxx_attributes
    Feature record: CXX_FEATURE:1cxx_attribute_deprecated
    Feature record: CXX_FEATURE:1cxx_auto_type
    Feature record: CXX_FEATURE:1cxx_binary_literals
    Feature record: CXX_FEATURE:1cxx_constexpr
    Feature record: CXX_FEATURE:1cxx_contextual_conversions
    Feature record: CXX_FEATURE:1cxx_decltype
    Feature record: CXX_FEATURE:1cxx_decltype_auto
    Feature record: CXX_FEATURE:1cxx_decltype_incomplete_return_types
    Feature record: CXX_FEATURE:1cxx_default_function_template_args
    Feature record: CXX_FEATURE:1cxx_defaulted_functions
    Feature record: CXX_FEATURE:1cxx_defaulted_move_initializers
    Feature record: CXX_FEATURE:1cxx_delegating_constructors
    Feature record: CXX_FEATURE:1cxx_deleted_functions
    Feature record: CXX_FEATURE:1cxx_digit_separators
    Feature record: CXX_FEATURE:1cxx_enum_forward_declarations
    Feature record: CXX_FEATURE:1cxx_explicit_conversions
    Feature record: CXX_FEATURE:1cxx_extended_friend_declarations
    Feature record: CXX_FEATURE:1cxx_extern_templates
    Feature record: CXX_FEATURE:1cxx_final
    Feature record: CXX_FEATURE:1cxx_func_identifier
    Feature record: CXX_FEATURE:1cxx_generalized_initializers
    Feature record: CXX_FEATURE:1cxx_generic_lambdas
    Feature record: CXX_FEATURE:1cxx_inheriting_constructors
    Feature record: CXX_FEATURE:1cxx_inline_namespaces
    Feature record: CXX_FEATURE:1cxx_lambdas
    Feature record: CXX_FEATURE:1cxx_lambda_init_captures
    Feature record: CXX_FEATURE:1cxx_local_type_template_args
    Feature record: CXX_FEATURE:1cxx_long_long_type
    Feature record: CXX_FEATURE:1cxx_noexcept
    Feature record: CXX_FEATURE:1cxx_nonstatic_member_init
    Feature record: CXX_FEATURE:1cxx_nullptr
    Feature record: CXX_FEATURE:1cxx_override
    Feature record: CXX_FEATURE:1cxx_range_for
    Feature record: CXX_FEATURE:1cxx_raw_string_literals
    Feature record: CXX_FEATURE:1cxx_reference_qualified_functions
    Feature record: CXX_FEATURE:1cxx_relaxed_constexpr
    Feature record: CXX_FEATURE:1cxx_return_type_deduction
    Feature record: CXX_FEATURE:1cxx_right_angle_brackets
    Feature record: CXX_FEATURE:1cxx_rvalue_references
    Feature record: CXX_FEATURE:1cxx_sizeof_member
    Feature record: CXX_FEATURE:1cxx_static_assert
    Feature record: CXX_FEATURE:1cxx_strong_enums
    Feature record: CXX_FEATURE:1cxx_template_template_parameters
    Feature record: CXX_FEATURE:1cxx_thread_local
    Feature record: CXX_FEATURE:1cxx_trailing_return_types
    Feature record: CXX_FEATURE:1cxx_unicode_literals
    Feature record: CXX_FEATURE:1cxx_uniform_initialization
    Feature record: CXX_FEATURE:1cxx_unrestricted_unions
    Feature record: CXX_FEATURE:1cxx_user_literals
    Feature record: CXX_FEATURE:1cxx_variable_templates
    Feature record: CXX_FEATURE:1cxx_variadic_macros
    Feature record: CXX_FEATURE:1cxx_variadic_templates


Detecting CXX [-std=c++11] compiler features compiled with the following output:
Change Dir: /home/shadow/Documents/cpp_indie_studio/CMakeFiles/CMakeTmp

Run Build Command:"/usr/bin/gmake" "cmTC_6e632/fast"
/usr/bin/gmake -f CMakeFiles/cmTC_6e632.dir/build.make CMakeFiles/cmTC_6e632.dir/build
gmake[1] : on entre dans le répertoire « /home/shadow/Documents/cpp_indie_studio/CMakeFiles/CMakeTmp »
Building CXX object CMakeFiles/cmTC_6e632.dir/feature_tests.cxx.o
/usr/bin/c++    -std=c++11 -o CMakeFiles/cmTC_6e632.dir/feature_tests.cxx.o -c /home/shadow/Documents/cpp_indie_studio/CMakeFiles/feature_tests.cxx
Linking CXX executable cmTC_6e632
/usr/bin/cmake -E cmake_link_script CMakeFiles/cmTC_6e632.dir/link.txt --verbose=1
/usr/bin/c++       CMakeFiles/cmTC_6e632.dir/feature_tests.cxx.o  -o cmTC_6e632 
gmake[1] : on quitte le répertoire « /home/shadow/Documents/cpp_indie_studio/CMakeFiles/CMakeTmp »


    Feature record: CXX_FEATURE:0cxx_aggregate_default_initializers
    Feature record: CXX_FEATURE:1cxx_alias_templates
    Feature record: CXX_FEATURE:1cxx_alignas
    Feature record: CXX_FEATURE:1cxx_alignof
    Feature record: CXX_FEATURE:1cxx_attributes
    Feature record: CXX_FEATURE:0cxx_attribute_deprecated
    Feature record: CXX_FEATURE:1cxx_auto_type
    Feature record: CXX_FEATURE:0cxx_binary_literals
    Feature record: CXX_FEATURE:1cxx_constexpr
    Feature record: CXX_FEATURE:0cxx_contextual_conversions
    Feature record: CXX_FEATURE:1cxx_decltype
    Feature record: CXX_FEATURE:0cxx_decltype_auto
    Feature record: CXX_FEATURE:1cxx_decltype_incomplete_return_types
    Feature record: CXX_FEATURE:1cxx_default_function_template_args
    Feature record: CXX_FEATURE:1cxx_defaulted_functions
    Feature record: CXX_FEATURE:1cxx_defaulted_move_initializers
    Feature record: CXX_FEATURE:1cxx_delegating_constructors
    Feature record: CXX_FEATURE:1cxx_deleted_functions
    Feature record: CXX_FEATURE:0cxx_digit_separators
    Feature record: CXX_FEATURE:1cxx_enum_forward_declarations
    Feature record: CXX_FEATURE:1cxx_explicit_conversions
    Feature record: CXX_FEATURE:1cxx_extended_friend_declarations
    Feature record: CXX_FEATURE:1cxx_extern_templates
    Feature record: CXX_FEATURE:1cxx_final
    Feature record: CXX_FEATURE:1cxx_func_identifier
    Feature record: CXX_FEATURE:1cxx_generalized_initializers
    Feature record: CXX_FEATURE:0cxx_generic_lambdas
    Feature record: CXX_FEATURE:1cxx_inheriting_constructors
    Feature record: CXX_FEATURE:1cxx_inline_namespaces
    Feature record: CXX_FEATURE:1cxx_lambdas
    Feature record: CXX_FEATURE:0cxx_lambda_init_captures
    Feature record: CXX_FEATURE:1cxx_local_type_template_args
    Feature record: CXX_FEATURE:1cxx_long_long_type
    Feature record: CXX_FEATURE:1cxx_noexcept
    Feature record: CXX_FEATURE:1cxx_nonstatic_member_init
    Feature record: CXX_FEATURE:1cxx_nullptr
    Feature record: CXX_FEATURE:1cxx_override
    Feature record: CXX_FEATURE:1cxx_range_for
    Feature record: CXX_FEATURE:1cxx_raw_string_literals
    Feature record: CXX_FEATURE:1cxx_reference_qualified_functions
    Feature record: CXX_FEATURE:0cxx_relaxed_constexpr
    Feature record: CXX_FEATURE:0cxx_return_type_deduction
    Feature record: CXX_FEATURE:1cxx_right_angle_brackets
    Feature record: CXX_FEATURE:1cxx_rvalue_references
    Feature record: CXX_FEATURE:1cxx_sizeof_member
    Feature record: CXX_FEATURE:1cxx_static_assert
    Feature record: CXX_FEATURE:1cxx_strong_enums
    Feature record: CXX_FEATURE:1cxx_template_template_parameters
    Feature record: CXX_FEATURE:1cxx_thread_local
    Feature record: CXX_FEATURE:1cxx_trailing_return_types
    Feature record: CXX_FEATURE:1cxx_unicode_literals
    Feature record: CXX_FEATURE:1cxx_uniform_initialization
    Feature record: CXX_FEATURE:1cxx_unrestricted_unions
    Feature record: CXX_FEATURE:1cxx_user_literals
    Feature record: CXX_FEATURE:0cxx_variable_templates
    Feature record: CXX_FEATURE:1cxx_variadic_macros
    Feature record: CXX_FEATURE:1cxx_variadic_templates


Detecting CXX [-std=c++98] compiler features compiled with the following output:
Change Dir: /home/shadow/Documents/cpp_indie_studio/CMakeFiles/CMakeTmp

Run Build Command:"/usr/bin/gmake" "cmTC_52d99/fast"
/usr/bin/gmake -f CMakeFiles/cmTC_52d99.dir/build.make CMakeFiles/cmTC_52d99.dir/build
gmake[1] : on entre dans le répertoire « /home/shadow/Documents/cpp_indie_studio/CMakeFiles/CMakeTmp »
Building CXX object CMakeFiles/cmTC_52d99.dir/feature_tests.cxx.o
/usr/bin/c++    -std=c++98 -o CMakeFiles/cmTC_52d99.dir/feature_tests.cxx.o -c /home/shadow/Documents/cpp_indie_studio/CMakeFiles/feature_tests.cxx
Linking CXX executable cmTC_52d99
/usr/bin/cmake -E cmake_link_script CMakeFiles/cmTC_52d99.dir/link.txt --verbose=1
/usr/bin/c++       CMakeFiles/cmTC_52d99.dir/feature_tests.cxx.o  -o cmTC_52d99 
gmake[1] : on quitte le répertoire « /home/shadow/Documents/cpp_indie_studio/CMakeFiles/CMakeTmp »


    Feature record: CXX_FEATURE:0cxx_aggregate_default_initializers
    Feature record: CXX_FEATURE:0cxx_alias_templates
    Feature record: CXX_FEATURE:0cxx_alignas
    Feature record: CXX_FEATURE:0cxx_alignof
    Feature record: CXX_FEATURE:0cxx_attributes
    Feature record: CXX_FEATURE:0cxx_attribute_deprecated
    Feature record: CXX_FEATURE:0cxx_auto_type
    Feature record: CXX_FEATURE:0cxx_binary_literals
    Feature record: CXX_FEATURE:0cxx_constexpr
    Feature record: CXX_FEATURE:0cxx_contextual_conversions
    Feature record: CXX_FEATURE:0cxx_decltype
    Feature record: CXX_FEATURE:0cxx_decltype_auto
    Feature record: CXX_FEATURE:0cxx_decltype_incomplete_return_types
    Feature record: CXX_FEATURE:0cxx_default_function_template_args
    Feature record: CXX_FEATURE:0cxx_defaulted_functions
    Feature record: CXX_FEATURE:0cxx_defaulted_move_initializers
    Feature record: CXX_FEATURE:0cxx_delegating_constructors
    Feature record: CXX_FEATURE:0cxx_deleted_functions
    Feature record: CXX_FEATURE:0cxx_digit_separators
    Feature record: CXX_FEATURE:0cxx_enum_forward_declarations
    Feature record: CXX_FEATURE:0cxx_explicit_conversions
    Feature record: CXX_FEATURE:0cxx_extended_friend_declarations
    Feature record: CXX_FEATURE:0cxx_extern_templates
    Feature record: CXX_FEATURE:0cxx_final
    Feature record: CXX_FEATURE:0cxx_func_identifier
    Feature record: CXX_FEATURE:0cxx_generalized_initializers
    Feature record: CXX_FEATURE:0cxx_generic_lambdas
    Feature record: CXX_FEATURE:0cxx_inheriting_constructors
    Feature record: CXX_FEATURE:0cxx_inline_namespaces
    Feature record: CXX_FEATURE:0cxx_lambdas
    Feature record: CXX_FEATURE:0cxx_lambda_init_captures
    Feature record: CXX_FEATURE:0cxx_local_type_template_args
    Feature record: CXX_FEATURE:0cxx_long_long_type
    Feature record: CXX_FEATURE:0cxx_noexcept
    Feature record: CXX_FEATURE:0cxx_nonstatic_member_init
    Feature record: CXX_FEATURE:0cxx_nullptr
    Feature record: CXX_FEATURE:0cxx_override
    Feature record: CXX_FEATURE:0cxx_range_for
    Feature record: CXX_FEATURE:0cxx_raw_string_literals
    Feature record: CXX_FEATURE:0cxx_reference_qualified_functions
    Feature record: CXX_FEATURE:0cxx_relaxed_constexpr
    Feature record: CXX_FEATURE:0cxx_return_type_deduction
    Feature record: CXX_FEATURE:0cxx_right_angle_brackets
    Feature record: CXX_FEATURE:0cxx_rvalue_references
    Feature record: CXX_FEATURE:0cxx_sizeof_member
    Feature record: CXX_FEATURE:0cxx_static_assert
    Feature record: CXX_FEATURE:0cxx_strong_enums
    Feature record: CXX_FEATURE:1cxx_template_template_parameters
    Feature record: CXX_FEATURE:0cxx_thread_local
    Feature record: CXX_FEATURE:0cxx_trailing_return_types
    Feature record: CXX_FEATURE:0cxx_unicode_literals
    Feature record: CXX_FEATURE:0cxx_uniform_initialization
    Feature record: CXX_FEATURE:0cxx_unrestricted_unions
    Feature record: CXX_FEATURE:0cxx_user_literals
    Feature record: CXX_FEATURE:0cxx_variable_templates
    Feature record: CXX_FEATURE:0cxx_variadic_macros
    Feature record: CXX_FEATURE:0cxx_variadic_templates
